<?xml version="1.0" encoding="UTF-8"?>
<testng-results ignored="0" total="1" passed="1" failed="0" skipped="0">
  <reporter-output>
    <line>
      <![CDATA[eyJhbGciOiJIUzI1NiIsInR5cCI6IkpXVCJ9.eyJfaWQiOiI2ODIzMzg1MmZkMmFmMWM5OWUxZTQ5NGMiLCJ1c2VyRW1haWwiOiJyZXN0YXNzcmVkQGdtYWlsLmNvbSIsInVzZXJNb2JpbGUiOjk4NzY1NDMyMTAsInVzZXJSb2xlIjoiY3VzdG9tZXIiLCJpYXQiOjE3NTEyODA4OTQsImV4cCI6MTc4MjgzODQ5NH0._xHhv7YbpaMAzgvoEQFsMEyD-lRRZim72R3YC3dPkwI]]>
    </line>
    <line>
      <![CDATA[68233852fd2af1c99e1e494c]]>
    </line>
    <line>
      <![CDATA[Login Successfully]]>
    </line>
    <line>
      <![CDATA[{"productId":"68626cfe129e250258c18c89","message":"Product Added Successfully"}]]>
    </line>
  </reporter-output>
  <suite started-at="2025-06-30T16:24:52 IST" name="Default suite" finished-at="2025-06-30T16:24:56 IST" duration-ms="3172">
    <groups>
    </groups>
    <test started-at="2025-06-30T16:24:52 IST" name="Default test" finished-at="2025-06-30T16:24:56 IST" duration-ms="3172">
      <class name="ecomerceAPItest.E2eFlowOfEcom">
        <test-method signature="login()[pri:0, instance:ecomerceAPItest.E2eFlowOfEcom@67d48005]" started-at="2025-06-30T16:24:52 IST" name="login" finished-at="2025-06-30T16:24:56 IST" duration-ms="3135" status="PASS">
          <reporter-output>
            <line>
              <![CDATA[eyJhbGciOiJIUzI1NiIsInR5cCI6IkpXVCJ9.eyJfaWQiOiI2ODIzMzg1MmZkMmFmMWM5OWUxZTQ5NGMiLCJ1c2VyRW1haWwiOiJyZXN0YXNzcmVkQGdtYWlsLmNvbSIsInVzZXJNb2JpbGUiOjk4NzY1NDMyMTAsInVzZXJSb2xlIjoiY3VzdG9tZXIiLCJpYXQiOjE3NTEyODA4OTQsImV4cCI6MTc4MjgzODQ5NH0._xHhv7YbpaMAzgvoEQFsMEyD-lRRZim72R3YC3dPkwI]]>
            </line>
            <line>
              <![CDATA[68233852fd2af1c99e1e494c]]>
            </line>
            <line>
              <![CDATA[Login Successfully]]>
            </line>
            <line>
              <![CDATA[{"productId":"68626cfe129e250258c18c89","message":"Product Added Successfully"}]]>
            </line>
          </reporter-output>
        </test-method> <!-- login -->
      </class> <!-- ecomerceAPItest.E2eFlowOfEcom -->
    </test> <!-- Default test -->
  </suite> <!-- Default suite -->
</testng-results>
